0 info it worked if it ends with ok
1 verbose cli [ 'D:\\Tools\\node_modules\\node.exe',
1 verbose cli   'D:\\Tools\\node_modules\\node_modules\\npm\\bin\\npm-cli.js',
1 verbose cli   'run',
1 verbose cli   'dev' ]
2 info using npm@3.10.10
3 info using node@v6.9.4
4 verbose run-script [ 'predev', 'dev', 'postdev' ]
5 info lifecycle Vueproject@1.0.0~predev: Vueproject@1.0.0
6 silly lifecycle Vueproject@1.0.0~predev: no script for predev, continuing
7 info lifecycle Vueproject@1.0.0~dev: Vueproject@1.0.0
8 verbose lifecycle Vueproject@1.0.0~dev: unsafe-perm in lifecycle true
9 verbose lifecycle Vueproject@1.0.0~dev: PATH: D:\Tools\node_modules\node_modules\npm\bin\node-gyp-bin;D:\Vue\Vueproject\node_modules\.bin;C:\Windows\system32;C:\Windows;C:\Windows\System32\Wbem;C:\Windows\System32\WindowsPowerShell\v1.0\;D:\Tools\node_modules\;D:\Tools\Git\Git\cmd;C:\Users\洪舟\AppData\Local\Microsoft\WindowsApps;D:\PHP\phpStudy\MySQL\bin;C:\Users\洪舟\AppData\Roaming\npm;D:\Tools\VSCodeSetup\Microsoft VS Code\bin
10 verbose lifecycle Vueproject@1.0.0~dev: CWD: D:\Vue\Vueproject
11 silly lifecycle Vueproject@1.0.0~dev: Args: [ '/d /s /c',
11 silly lifecycle   'webpack-dev-server --progress --config webpack.config.dev.js --open --port 6008 --hot' ]
12 verbose stack Error: kill ENOSYS
12 verbose stack     at exports._errnoException (util.js:1022:11)
12 verbose stack     at process.kill (internal/process.js:172:13)
12 verbose stack     at process.listener (D:\Tools\node_modules\node_modules\npm\node_modules\npmlog\node_modules\gauge\node_modules\signal-exit\index.js:86:15)
12 verbose stack     at emitNone (events.js:91:20)
12 verbose stack     at process.emit (events.js:185:7)
12 verbose stack     at processEmit (D:\Tools\node_modules\node_modules\npm\node_modules\npmlog\node_modules\gauge\node_modules\signal-exit\index.js:146:32)
12 verbose stack     at processEmit (D:\Tools\node_modules\node_modules\npm\node_modules\npm-registry-client\node_modules\npmlog\node_modules\gauge\node_modules\signal-exit\index.js:146:32)
12 verbose stack     at Signal.wrap.onsignal (internal/process.js:199:44)
13 verbose cwd D:\Vue\Vueproject
14 error Windows_NT 10.0.14393
15 error argv "D:\\Tools\\node_modules\\node.exe" "D:\\Tools\\node_modules\\node_modules\\npm\\bin\\npm-cli.js" "run" "dev"
16 error node v6.9.4
17 error npm  v3.10.10
18 error code ENOSYS
19 error errno ENOSYS
20 error syscall kill
21 error kill ENOSYS
22 error If you need help, you may report this error at:
22 error     <https://github.com/npm/npm/issues>
23 verbose exit [ 1, true ]
